<?xml version="1.0" encoding="UTF-8"?>
<!-- Generated by org.testng.reporters.JUnitXMLReporter -->
<testsuite hostname="Aarkay" ignored="0" name="TC001_VerifyLoginWithInvalidCredentials" tests="2" failures="0" timestamp="20 Sep 2018 01:14:41 GMT" time="132.218" errors="0">
  <testcase name="project" time="38.219" classname="com.test.automation.UIAutomation.homepage.TC001_VerifyLoginWithInvalidCredentials">
    <skipped/>
  </testcase> <!-- project -->
  <testcase name="project" time="15.32" classname="com.test.automation.UIAutomation.homepage.TC001_VerifyLoginWithInvalidCredentials"/>
</testsuite> <!-- TC001_VerifyLoginWithInvalidCredentials -->
