<?xml version="1.0" encoding="UTF-8"?>
<!-- Generated by org.testng.reporters.JUnitXMLReporter -->
<testsuite hostname="Aarkay" ignored="0" name="TC001_VerifyLoginWithInvalidCredentials" tests="1" failures="0" timestamp="21 Sep 2018 01:36:39 GMT" time="14.927" errors="0">
  <testcase name="@BeforeMethod beforeMethod" time="0.005" classname="com.test.automation.UIAutomation.testBase.basePage">
    <failure type="java.lang.NullPointerException">
      <![CDATA[java.lang.NullPointerException
at com.test.automation.UIAutomation.testBase.basePage.beforeMethod(basePage.java:107)
... Removed 28 stack frames]]>
    </failure>
  </testcase> <!-- @BeforeMethod beforeMethod -->
  <testcase name="@AfterMethod afterMethod" time="0.0" classname="com.test.automation.UIAutomation.testBase.basePage">
    <skipped/>
  </testcase> <!-- @AfterMethod afterMethod -->
  <testcase name="@AfterClass endTest" time="0.0" classname="com.test.automation.UIAutomation.testBase.basePage">
    <skipped/>
  </testcase> <!-- @AfterClass endTest -->
  <testcase name="project" time="0.0" classname="com.test.automation.UIAutomation.homepage.TC001_VerifyLoginWithInvalidCredentials">
    <skipped/>
  </testcase> <!-- project -->
</testsuite> <!-- TC001_VerifyLoginWithInvalidCredentials -->
